#! /usr/local/bin/vvp
:ivl_version "0.9.6 " "(v0_9_6)";
:vpi_time_precision - 11;
:vpi_module "system";
:vpi_module "v2005_math";
:vpi_module "va_math";
S_0xa2bb50 .scope module, "i2c_sys_top" "i2c_sys_top" 2 25;
 .timescale -9 -11;
v0xa01ba0_0 .net "CR", 0 0, C4<0>; 1 drivers
v0xa56460_0 .net "CR_R", 0 0, C4<0>; 1 drivers
v0xa56500_0 .net "CTR", 0 0, C4<0>; 1 drivers
v0xa565a0_0 .net "PRER_HI", 0 0, C4<1>; 1 drivers
v0xa56650_0 .net "PRER_LO", 0 0, C4<0>; 1 drivers
v0xa566f0_0 .net "RD", 0 0, C4<1>; 1 drivers
v0xa567d0_0 .net "RXR", 0 0, C4<1>; 1 drivers
v0xa56870_0 .net "SADDR1", 0 0, C4<0>; 1 drivers
v0xa56960_0 .net "SADDR2", 0 0, C4<0>; 1 drivers
v0xa56a00_0 .net "SR", 0 0, C4<0>; 1 drivers
v0xa56b00_0 .net "ST_IDLE", 0 0, C4<0>; 1 drivers
v0xa56ba0_0 .net "ST_RD_ACK", 0 0, C4<0>; 1 drivers
v0xa56cb0_0 .net "ST_RD_DATA", 0 0, C4<0>; 1 drivers
v0xa56d50_0 .net "ST_RD_INIT", 0 0, C4<1>; 1 drivers
v0xa56e70_0 .net "ST_WR_CR", 0 0, C4<1>; 1 drivers
v0xa56f10_0 .net "ST_WR_CTR", 0 0, C4<1>; 1 drivers
v0xa56dd0_0 .net "ST_WR_MEM_ADDR", 0 0, C4<1>; 1 drivers
v0xa57060_0 .net "ST_WR_PRER_HI", 0 0, C4<0>; 1 drivers
v0xa57180_0 .net "ST_WR_PRER_LO", 0 0, C4<1>; 1 drivers
v0xa57200_0 .net "ST_WR_SLADR_R", 0 0, C4<0>; 1 drivers
v0xa570e0_0 .net "ST_WR_SLADR_W", 0 0, C4<0>; 1 drivers
v0xa57330_0 .net "TXR", 0 0, C4<1>; 1 drivers
v0xa57280_0 .net "TXR_R", 0 0, C4<1>; 1 drivers
v0xa57470_0 .net "WR", 0 0, C4<0>; 1 drivers
v0xa573d0_0 .net "clk", 0 0, C4<z>; 0 drivers
v0xa575c0_0 .net "domain", 0 0, C4<z>; 0 drivers
v0xa57510_0 .net "done", 0 0, v0xa57720_0; 1 drivers
v0xa57720_0 .var "done_r", 0 0;
v0xa57660_0 .var "n_done", 0 0;
v0xa57890_0 .var "n_wb_addr", 2 0;
v0xa577a0_0 .var "n_wb_cr_data", 7 0;
v0xa57a10_0 .var "n_wb_cyc", 0 0;
v0xa57910_0 .var "n_wb_rd_data", 7 0;
v0xa57ba0_0 .var "n_wb_state", 3 0;
v0xa57a90_0 .var "n_wb_state_d1", 3 0;
v0xa57d40_0 .var "n_wb_stb", 0 0;
v0xa57c20_0 .var "n_wb_we", 0 0;
v0xa57cc0_0 .var "n_wb_wr_data", 7 0;
v0xa57f00_0 .net "read_data_out", 7 0, v0xa58280_0; 1 drivers
v0xa57f80_0 .net "rst", 0 0, C4<z>; 0 drivers
v0xa57dc0_0 .net "slave_addr", 6 0, C4<zzzzzzz>; 0 drivers
v0xa57e60_0 .net "start", 0 0, C4<z>; 0 drivers
v0xa58160_0 .net "wb_ack", 0 0, C4<z>; 0 drivers
v0xa581e0_0 .var "wb_addr", 2 0;
v0xa58000_0 .var "wb_cr_data", 7 0;
v0xa580a0_0 .var "wb_cyc", 0 0;
v0xa583e0_0 .net "wb_inta", 0 0, C4<z>; 0 drivers
v0xa58460_0 .net "wb_rd_data", 7 0, C4<zzzzzzzz>; 0 drivers
v0xa58280_0 .var "wb_rd_data_r", 7 0;
v0xa58320_0 .var "wb_state", 3 0;
v0xa58680_0 .var "wb_state_d1", 3 0;
v0xa58700_0 .var "wb_stb", 0 0;
v0xa58500_0 .var "wb_we", 0 0;
v0xa585a0_0 .var "wb_wr_data", 7 0;
E_0xa2a280 .event posedge, v0xa57f80_0, v0xa573d0_0;
E_0xa2b7e0/0 .event edge, v0xa58320_0, v0xa58680_0, v0xa58000_0, v0xa58280_0;
E_0xa2b7e0/1 .event edge, v0xa57e60_0, v0xa57180_0, v0xa56b00_0, v0xa58160_0;
E_0xa2b7e0/2 .event edge, v0xa56650_0, v0xa57060_0, v0xa565a0_0, v0xa56f10_0;
E_0xa2b7e0/3 .event edge, v0xa56500_0, v0xa570e0_0, v0xa56dd0_0, v0xa57330_0;
E_0xa2b7e0/4 .event edge, v0xa57dc0_0, v0xa57470_0, v0xa56e70_0, v0xa01ba0_0;
E_0xa2b7e0/5 .event edge, v0xa56ba0_0, v0xa58460_0, v0xa56a00_0, v0xa57200_0;
E_0xa2b7e0/6 .event edge, v0xa566f0_0, v0xa56d50_0, v0xa56cb0_0, v0xa567d0_0;
E_0xa2b7e0 .event/or E_0xa2b7e0/0, E_0xa2b7e0/1, E_0xa2b7e0/2, E_0xa2b7e0/3, E_0xa2b7e0/4, E_0xa2b7e0/5, E_0xa2b7e0/6;
    .scope S_0xa2bb50;
T_0 ;
    %wait E_0xa2b7e0;
    %load/v 8, v0xa58320_0, 4;
    %set/v v0xa57ba0_0, 8, 4;
    %load/v 8, v0xa58680_0, 4;
    %set/v v0xa57a90_0, 8, 4;
    %load/v 8, v0xa58000_0, 8;
    %set/v v0xa577a0_0, 8, 8;
    %load/v 8, v0xa58280_0, 8;
    %set/v v0xa57910_0, 8, 8;
    %set/v v0xa57890_0, 2, 3;
    %set/v v0xa57cc0_0, 2, 8;
    %set/v v0xa57c20_0, 0, 1;
    %set/v v0xa57d40_0, 0, 1;
    %set/v v0xa57a10_0, 0, 1;
    %set/v v0xa57660_0, 0, 1;
    %load/v 8, v0xa58320_0, 4;
    %load/v 12, v0xa56b00_0, 1;
    %mov 13, 0, 3;
    %cmp/u 8, 12, 4;
    %jmp/1 T_0.0, 6;
    %load/v 12, v0xa57180_0, 1;
    %mov 13, 0, 3;
    %cmp/u 8, 12, 4;
    %jmp/1 T_0.1, 6;
    %load/v 12, v0xa57060_0, 1;
    %mov 13, 0, 3;
    %cmp/u 8, 12, 4;
    %jmp/1 T_0.2, 6;
    %load/v 12, v0xa56f10_0, 1;
    %mov 13, 0, 3;
    %cmp/u 8, 12, 4;
    %jmp/1 T_0.3, 6;
    %load/v 12, v0xa570e0_0, 1;
    %mov 13, 0, 3;
    %cmp/u 8, 12, 4;
    %jmp/1 T_0.4, 6;
    %load/v 12, v0xa56e70_0, 1;
    %mov 13, 0, 3;
    %cmp/u 8, 12, 4;
    %jmp/1 T_0.5, 6;
    %load/v 12, v0xa56ba0_0, 1;
    %mov 13, 0, 3;
    %cmp/u 8, 12, 4;
    %jmp/1 T_0.6, 6;
    %load/v 12, v0xa56dd0_0, 1;
    %mov 13, 0, 3;
    %cmp/u 8, 12, 4;
    %jmp/1 T_0.7, 6;
    %load/v 12, v0xa57200_0, 1;
    %mov 13, 0, 3;
    %cmp/u 8, 12, 4;
    %jmp/1 T_0.8, 6;
    %load/v 12, v0xa56d50_0, 1;
    %mov 13, 0, 3;
    %cmp/u 8, 12, 4;
    %jmp/1 T_0.9, 6;
    %load/v 12, v0xa56cb0_0, 1;
    %mov 13, 0, 3;
    %cmp/u 8, 12, 4;
    %jmp/1 T_0.10, 6;
    %jmp T_0.11;
T_0.0 ;
    %load/v 8, v0xa57e60_0, 1;
    %jmp/0xz  T_0.12, 8;
    %load/v 8, v0xa57180_0, 1;
    %mov 9, 0, 3;
    %set/v v0xa57ba0_0, 8, 4;
T_0.12 ;
    %jmp T_0.11;
T_0.1 ;
    %load/v 8, v0xa58160_0, 1;
    %cmpi/u 8, 0, 1;
    %jmp/0xz  T_0.14, 4;
    %load/v 8, v0xa56650_0, 1;
    %mov 9, 0, 2;
    %set/v v0xa57890_0, 8, 3;
    %movi 8, 200, 8;
    %set/v v0xa57cc0_0, 8, 8;
    %set/v v0xa57c20_0, 1, 1;
    %set/v v0xa57d40_0, 1, 1;
    %set/v v0xa57a10_0, 1, 1;
    %jmp T_0.15;
T_0.14 ;
    %set/v v0xa57c20_0, 2, 1;
    %set/v v0xa57d40_0, 2, 1;
    %set/v v0xa57a10_0, 0, 1;
    %load/v 8, v0xa57060_0, 1;
    %mov 9, 0, 3;
    %set/v v0xa57ba0_0, 8, 4;
T_0.15 ;
    %jmp T_0.11;
T_0.2 ;
    %load/v 8, v0xa58160_0, 1;
    %cmpi/u 8, 0, 1;
    %jmp/0xz  T_0.16, 4;
    %load/v 8, v0xa565a0_0, 1;
    %mov 9, 0, 2;
    %set/v v0xa57890_0, 8, 3;
    %set/v v0xa57cc0_0, 0, 8;
    %set/v v0xa57c20_0, 1, 1;
    %set/v v0xa57d40_0, 1, 1;
    %set/v v0xa57a10_0, 1, 1;
    %jmp T_0.17;
T_0.16 ;
    %set/v v0xa57c20_0, 2, 1;
    %set/v v0xa57d40_0, 2, 1;
    %set/v v0xa57a10_0, 0, 1;
    %load/v 8, v0xa56f10_0, 1;
    %mov 9, 0, 3;
    %set/v v0xa57ba0_0, 8, 4;
T_0.17 ;
    %jmp T_0.11;
T_0.3 ;
    %load/v 8, v0xa58160_0, 1;
    %cmpi/u 8, 0, 1;
    %jmp/0xz  T_0.18, 4;
    %load/v 8, v0xa56500_0, 1;
    %mov 9, 0, 2;
    %set/v v0xa57890_0, 8, 3;
    %movi 8, 128, 8;
    %set/v v0xa57cc0_0, 8, 8;
    %set/v v0xa57c20_0, 1, 1;
    %set/v v0xa57d40_0, 1, 1;
    %set/v v0xa57a10_0, 1, 1;
    %jmp T_0.19;
T_0.18 ;
    %set/v v0xa57c20_0, 2, 1;
    %set/v v0xa57d40_0, 2, 1;
    %set/v v0xa57a10_0, 0, 1;
    %load/v 8, v0xa570e0_0, 1;
    %mov 9, 0, 3;
    %set/v v0xa57ba0_0, 8, 4;
    %load/v 8, v0xa56dd0_0, 1;
    %mov 9, 0, 3;
    %set/v v0xa57a90_0, 8, 4;
T_0.19 ;
    %jmp T_0.11;
T_0.4 ;
    %load/v 8, v0xa58160_0, 1;
    %cmpi/u 8, 0, 1;
    %jmp/0xz  T_0.20, 4;
    %load/v 8, v0xa57330_0, 1;
    %mov 9, 0, 2;
    %set/v v0xa57890_0, 8, 3;
    %load/v 8, v0xa57470_0, 1;
    %load/v 9, v0xa57dc0_0, 7;
    %set/v v0xa57cc0_0, 8, 8;
    %set/v v0xa57c20_0, 1, 1;
    %set/v v0xa57d40_0, 1, 1;
    %set/v v0xa57a10_0, 1, 1;
    %jmp T_0.21;
T_0.20 ;
    %set/v v0xa57c20_0, 2, 1;
    %set/v v0xa57d40_0, 2, 1;
    %set/v v0xa57a10_0, 0, 1;
    %load/v 8, v0xa56e70_0, 1;
    %mov 9, 0, 3;
    %set/v v0xa57ba0_0, 8, 4;
    %movi 8, 144, 8;
    %set/v v0xa577a0_0, 8, 8;
T_0.21 ;
    %jmp T_0.11;
T_0.5 ;
    %load/v 8, v0xa58160_0, 1;
    %cmpi/u 8, 0, 1;
    %jmp/0xz  T_0.22, 4;
    %load/v 8, v0xa01ba0_0, 1;
    %mov 9, 0, 2;
    %set/v v0xa57890_0, 8, 3;
    %load/v 8, v0xa58000_0, 8;
    %set/v v0xa57cc0_0, 8, 8;
    %set/v v0xa57c20_0, 1, 1;
    %set/v v0xa57d40_0, 1, 1;
    %set/v v0xa57a10_0, 1, 1;
    %jmp T_0.23;
T_0.22 ;
    %set/v v0xa57c20_0, 2, 1;
    %set/v v0xa57d40_0, 2, 1;
    %set/v v0xa57a10_0, 0, 1;
    %load/v 8, v0xa56ba0_0, 1;
    %mov 9, 0, 3;
    %set/v v0xa57ba0_0, 8, 4;
T_0.23 ;
    %jmp T_0.11;
T_0.6 ;
    %load/v 8, v0xa58160_0, 1;
    %cmpi/u 8, 0, 1;
    %mov 8, 4, 1;
    %ix/load 1, 1, 0;
    %mov 4, 0, 1;
    %jmp/1 T_0.24, 4;
    %load/x1p 9, v0xa58460_0, 1;
    %jmp T_0.25;
T_0.24 ;
    %mov 9, 2, 1;
T_0.25 ;
; Save base=9 wid=1 in lookaside.
    %or 8, 9, 1;
    %jmp/0xz  T_0.26, 8;
    %load/v 8, v0xa56a00_0, 1;
    %mov 9, 0, 2;
    %set/v v0xa57890_0, 8, 3;
    %set/v v0xa57c20_0, 0, 1;
    %set/v v0xa57d40_0, 1, 1;
    %set/v v0xa57a10_0, 1, 1;
    %jmp T_0.27;
T_0.26 ;
    %load/v 8, v0xa58460_0, 8;
    %set/v v0xa57910_0, 8, 8;
    %set/v v0xa57c20_0, 2, 1;
    %set/v v0xa57d40_0, 2, 1;
    %set/v v0xa57a10_0, 0, 1;
    %load/v 8, v0xa58680_0, 4;
    %set/v v0xa57ba0_0, 8, 4;
T_0.27 ;
    %jmp T_0.11;
T_0.7 ;
    %load/v 8, v0xa58160_0, 1;
    %cmpi/u 8, 0, 1;
    %jmp/0xz  T_0.28, 4;
    %load/v 8, v0xa57330_0, 1;
    %mov 9, 0, 2;
    %set/v v0xa57890_0, 8, 3;
    %movi 8, 6, 8;
    %set/v v0xa57cc0_0, 8, 8;
    %set/v v0xa57c20_0, 1, 1;
    %set/v v0xa57d40_0, 1, 1;
    %set/v v0xa57a10_0, 1, 1;
    %jmp T_0.29;
T_0.28 ;
    %set/v v0xa57c20_0, 2, 1;
    %set/v v0xa57d40_0, 2, 1;
    %set/v v0xa57a10_0, 0, 1;
    %load/v 8, v0xa56e70_0, 1;
    %mov 9, 0, 3;
    %set/v v0xa57ba0_0, 8, 4;
    %movi 8, 16, 8;
    %set/v v0xa577a0_0, 8, 8;
    %load/v 8, v0xa57200_0, 1;
    %mov 9, 0, 3;
    %set/v v0xa57a90_0, 8, 4;
T_0.29 ;
    %jmp T_0.11;
T_0.8 ;
    %load/v 8, v0xa58160_0, 1;
    %cmpi/u 8, 0, 1;
    %jmp/0xz  T_0.30, 4;
    %load/v 8, v0xa57330_0, 1;
    %mov 9, 0, 2;
    %set/v v0xa57890_0, 8, 3;
    %load/v 8, v0xa566f0_0, 1;
    %load/v 9, v0xa57dc0_0, 7;
    %set/v v0xa57cc0_0, 8, 8;
    %set/v v0xa57c20_0, 1, 1;
    %set/v v0xa57d40_0, 1, 1;
    %set/v v0xa57a10_0, 1, 1;
    %jmp T_0.31;
T_0.30 ;
    %set/v v0xa57c20_0, 2, 1;
    %set/v v0xa57d40_0, 2, 1;
    %set/v v0xa57a10_0, 0, 1;
    %load/v 8, v0xa56e70_0, 1;
    %mov 9, 0, 3;
    %set/v v0xa57ba0_0, 8, 4;
    %movi 8, 144, 8;
    %set/v v0xa577a0_0, 8, 8;
    %load/v 8, v0xa56d50_0, 1;
    %mov 9, 0, 3;
    %set/v v0xa57a90_0, 8, 4;
T_0.31 ;
    %jmp T_0.11;
T_0.9 ;
    %load/v 8, v0xa56e70_0, 1;
    %mov 9, 0, 3;
    %set/v v0xa57ba0_0, 8, 4;
    %movi 8, 40, 8;
    %set/v v0xa577a0_0, 8, 8;
    %load/v 8, v0xa56cb0_0, 1;
    %mov 9, 0, 3;
    %set/v v0xa57a90_0, 8, 4;
    %jmp T_0.11;
T_0.10 ;
    %load/v 8, v0xa58160_0, 1;
    %cmpi/u 8, 0, 1;
    %jmp/0xz  T_0.32, 4;
    %load/v 8, v0xa567d0_0, 1;
    %mov 9, 0, 2;
    %set/v v0xa57890_0, 8, 3;
    %set/v v0xa57c20_0, 0, 1;
    %set/v v0xa57d40_0, 1, 1;
    %set/v v0xa57a10_0, 1, 1;
    %jmp T_0.33;
T_0.32 ;
    %load/v 8, v0xa58460_0, 8;
    %set/v v0xa57910_0, 8, 8;
    %set/v v0xa57c20_0, 2, 1;
    %set/v v0xa57d40_0, 2, 1;
    %set/v v0xa57a10_0, 0, 1;
    %set/v v0xa57660_0, 1, 1;
    %load/v 8, v0xa56b00_0, 1;
    %mov 9, 0, 3;
    %set/v v0xa57ba0_0, 8, 4;
T_0.33 ;
    %jmp T_0.11;
T_0.11 ;
    %jmp T_0;
    .thread T_0, $push;
    .scope S_0xa2bb50;
T_1 ;
    %wait E_0xa2a280;
    %load/v 8, v0xa57f80_0, 1;
    %jmp/0xz  T_1.0, 8;
    %load/v 8, v0xa56b00_0, 1;
    %mov 9, 0, 3;
    %ix/load 0, 4, 0;
    %assign/v0 v0xa58320_0, 0, 8;
    %load/v 8, v0xa56b00_0, 1;
    %mov 9, 0, 3;
    %ix/load 0, 4, 0;
    %assign/v0 v0xa58680_0, 0, 8;
    %ix/load 0, 8, 0;
    %assign/v0 v0xa58000_0, 0, 0;
    %ix/load 0, 8, 0;
    %assign/v0 v0xa58280_0, 0, 2;
    %ix/load 0, 3, 0;
    %assign/v0 v0xa581e0_0, 0, 2;
    %ix/load 0, 8, 0;
    %assign/v0 v0xa585a0_0, 0, 2;
    %ix/load 0, 1, 0;
    %assign/v0 v0xa58500_0, 0, 0;
    %ix/load 0, 1, 0;
    %assign/v0 v0xa58700_0, 0, 0;
    %ix/load 0, 1, 0;
    %assign/v0 v0xa580a0_0, 0, 0;
    %ix/load 0, 1, 0;
    %assign/v0 v0xa57720_0, 0, 0;
    %jmp T_1.1;
T_1.0 ;
    %load/v 8, v0xa57ba0_0, 4;
    %ix/load 0, 4, 0;
    %assign/v0 v0xa58320_0, 0, 8;
    %load/v 8, v0xa57a90_0, 4;
    %ix/load 0, 4, 0;
    %assign/v0 v0xa58680_0, 0, 8;
    %load/v 8, v0xa577a0_0, 8;
    %ix/load 0, 8, 0;
    %assign/v0 v0xa58000_0, 0, 8;
    %load/v 8, v0xa57910_0, 8;
    %ix/load 0, 8, 0;
    %assign/v0 v0xa58280_0, 0, 8;
    %load/v 8, v0xa57890_0, 3;
    %ix/load 0, 3, 0;
    %assign/v0 v0xa581e0_0, 0, 8;
    %load/v 8, v0xa57cc0_0, 8;
    %ix/load 0, 8, 0;
    %assign/v0 v0xa585a0_0, 0, 8;
    %load/v 8, v0xa57c20_0, 1;
    %ix/load 0, 1, 0;
    %assign/v0 v0xa58500_0, 0, 8;
    %load/v 8, v0xa57d40_0, 1;
    %ix/load 0, 1, 0;
    %assign/v0 v0xa58700_0, 0, 8;
    %load/v 8, v0xa57a10_0, 1;
    %ix/load 0, 1, 0;
    %assign/v0 v0xa580a0_0, 0, 8;
    %load/v 8, v0xa57660_0, 1;
    %ix/load 0, 1, 0;
    %assign/v0 v0xa57720_0, 0, 8;
T_1.1 ;
    %jmp T_1;
    .thread T_1;
# The file index is used to find the file name in the following table.
:file_names 3;
    "N/A";
    "<interactive>";
    "i2c_sys_top.v";
