Vivado Simulator 2017.2
Copyright 1986-1999, 2001-2016 Xilinx, Inc. All Rights Reserved.
Running: /opt/Xilinx/Vivado/2017.2/bin/unwrapped/lnx64.o/xelab -wto dba766b5e4424d99b8ab9aa6e7453391 --debug typical --relax --mt 8 -L xil_defaultlib -L unisims_ver -L unimacro_ver -L secureip --snapshot i2c_world_tb_behav xil_defaultlib.i2c_world_tb xil_defaultlib.glbl -log elaborate.log 
Using 8 slave threads.
Starting static elaboration
Completed static elaboration
Starting simulation data flow analysis
WARNING: [XSIM 43-4099] "/home/gokul/playground/secverilog/i2c_ift/verification/i2cslave/i2cslave.srcs/sources_1/imports/rtl/i2cSlave.v" Line 48. Module i2cSlave doesn't have a timescale but at least one module in design has a timescale.
WARNING: [XSIM 43-4099] "/home/gokul/playground/secverilog/i2c_ift/verification/i2cslave/i2cslave.srcs/sources_1/imports/rtl/registerInterface.v" Line 50. Module registerInterface doesn't have a timescale but at least one module in design has a timescale.
WARNING: [XSIM 43-4099] "/home/gokul/playground/secverilog/i2c_ift/verification/i2cslave/i2cslave.srcs/sources_1/imports/rtl/i2cSlave.v" Line 48. Module i2cSlave doesn't have a timescale but at least one module in design has a timescale.
WARNING: [XSIM 43-4099] "/home/gokul/playground/secverilog/i2c_ift/verification/i2cslave/i2cslave.srcs/sources_1/imports/rtl/registerInterface.v" Line 50. Module registerInterface doesn't have a timescale but at least one module in design has a timescale.
Completed simulation data flow analysis
Time Resolution for simulation is 1ps
Compiling module xil_defaultlib.i2c_sys_top
Compiling module xil_defaultlib.i2c_master_bit_ctrl
Compiling module xil_defaultlib.i2c_master_byte_ctrl
Compiling module xil_defaultlib.i2c_master_top
Compiling module xil_defaultlib.registerInterface
Compiling module xil_defaultlib.serialInterface
Compiling module xil_defaultlib.i2cSlave
Compiling module xil_defaultlib.i2c_world_top
Compiling module xil_defaultlib.i2c_world_tb
Compiling module xil_defaultlib.glbl
Built simulation snapshot i2c_world_tb_behav
